-- Found ament_cmake: 0.9.12 (/opt/ros/foxy/share/ament_cmake/cmake)
-- Using PYTHON_EXECUTABLE: /usr/bin/python3
-- Found rclcpp: 2.4.3 (/opt/ros/foxy/share/rclcpp/cmake)
-- Using all available rosidl_typesupport_c: rosidl_typesupport_fastrtps_c;rosidl_typesupport_introspection_c
-- Found rosidl_adapter: 1.3.1 (/opt/ros/foxy/share/rosidl_adapter/cmake)
-- Using all available rosidl_typesupport_cpp: rosidl_typesupport_fastrtps_cpp;rosidl_typesupport_introspection_cpp
-- Found rmw_implementation_cmake: 1.0.4 (/opt/ros/foxy/share/rmw_implementation_cmake/cmake)
-- Using RMW implementation 'rmw_fastrtps_cpp' as default
-- Found control_msgs: 2.5.1 (/opt/ros/foxy/share/control_msgs/cmake)
-- Found traveler_msgs: 0.0.0 (/home/qianlab/lassie-turtle/dependencies/install/traveler_msgs/share/traveler_msgs/cmake)
-- Configuring done (0.6s)
-- Generating done (0.0s)
-- Build files have been written to: /home/qianlab/lassie-turtle/dependencies/build/turtle_high_controller
[ 14%] [32mBuilding CXX object CMakeFiles/odrive_can_interface.dir/src/can_driver/odrive_can.cpp.o[0m
[ 14%] [32mBuilding CXX object CMakeFiles/turtle_high_controller.dir/src/main.cpp.o[0m
[ 35%] [32mBuilding CXX object CMakeFiles/odrive_can_interface.dir/src/can_driver/socketcan_interface.cpp.o[0m
[ 35%] [32mBuilding CXX object CMakeFiles/turtle_high_controller.dir/src/controller/controller_monitor.cpp.o[0m
[ 35%] [32mBuilding CXX object CMakeFiles/odrive_can_interface.dir/src/can_driver/can_publisher.cpp.o[0m
[ 50%] [32mBuilding CXX object CMakeFiles/turtle_high_controller.dir/src/proxy/lowerproxy.cpp.o[0m
[ 57%] [32mBuilding CXX object CMakeFiles/turtle_high_controller.dir/src/proxy/upperproxy.cpp.o[0m
[ 57%] [32mBuilding CXX object CMakeFiles/odrive_can_interface.dir/src/can_driver/can_suber.cpp.o[0m
[ 64%] [32mBuilding CXX object CMakeFiles/turtle_high_controller.dir/src/controller/pid_speed_controller.cpp.o[0m
[ 71%] [32mBuilding CXX object CMakeFiles/turtle_high_controller.dir/src/controller/Inverse_kinematics.cpp.o[0m
[ 78%] [32mBuilding CXX object CMakeFiles/turtle_high_controller.dir/src/can_driver/can_driver.cpp.o[0m
[ 85%] [32mBuilding CXX object CMakeFiles/turtle_high_controller.dir/src/can_driver/socketcan_interface.cpp.o[0m
[01m[K/home/qianlab/lassie-turtle/dependencies/traveler_controller/src/controller/Inverse_kinematics.cpp:[m[K In function â€˜[01m[Kvoid checkleft(float&, float&, float&)[m[Kâ€™:
[01m[K/home/qianlab/lassie-turtle/dependencies/traveler_controller/src/controller/Inverse_kinematics.cpp:51:11:[m[K [01;35m[Kwarning: [m[Kunused variable â€˜[01m[KL[m[Kâ€™ [[01;35m[K-Wunused-variable[m[K]
   51 |     float [01;35m[KL[m[K = 0.14;
      |           [01;35m[K^[m[K
[01m[K/home/qianlab/lassie-turtle/dependencies/traveler_controller/src/controller/Inverse_kinematics.cpp:49:38:[m[K [01;35m[Kwarning: [m[Kunused parameter â€˜[01m[Kbeta1[m[Kâ€™ [[01;35m[K-Wunused-parameter[m[K]
   49 | void checkleft(float &gamma1, [01;35m[Kfloat &beta1[m[K, float &theta1)
      |                               [01;35m[K~~~~~~~^~~~~[m[K
[01m[K/home/qianlab/lassie-turtle/dependencies/traveler_controller/src/controller/Inverse_kinematics.cpp:[m[K In function â€˜[01m[Kvoid checkright(float&, float&, float&)[m[Kâ€™:
[01m[K/home/qianlab/lassie-turtle/dependencies/traveler_controller/src/controller/Inverse_kinematics.cpp:96:11:[m[K [01;35m[Kwarning: [m[Kunused variable â€˜[01m[KL[m[Kâ€™ [[01;35m[K-Wunused-variable[m[K]
   96 |     float [01;35m[KL[m[K = 0.14;
      |           [01;35m[K^[m[K
[01m[K/home/qianlab/lassie-turtle/dependencies/traveler_controller/src/controller/Inverse_kinematics.cpp:94:39:[m[K [01;35m[Kwarning: [m[Kunused parameter â€˜[01m[Kbeta2[m[Kâ€™ [[01;35m[K-Wunused-parameter[m[K]
   94 | void checkright(float &gamma2, [01;35m[Kfloat &beta2[m[K, float &theta2)
      |                                [01;35m[K~~~~~~~^~~~~[m[K
[01m[K/home/qianlab/lassie-turtle/dependencies/traveler_controller/src/controller/Inverse_kinematics.cpp:[m[K In function â€˜[01m[Kvoid rhex_walking(float, float&, float&, float, float)[m[Kâ€™:
[01m[K/home/qianlab/lassie-turtle/dependencies/traveler_controller/src/controller/Inverse_kinematics.cpp:883:25:[m[K [01;35m[Kwarning: [m[Kunused parameter â€˜[01m[Kt[m[Kâ€™ [[01;35m[K-Wunused-parameter[m[K]
  883 | void rhex_walking([01;35m[Kfloat t[m[K, float &theta1, float &theta2, float curr_theta1, float curr_theta2)
      |                   [01;35m[K~~~~~~^[m[K
[01m[K/home/qianlab/lassie-turtle/dependencies/traveler_controller/src/controller/Inverse_kinematics.cpp:883:83:[m[K [01;35m[Kwarning: [m[Kunused parameter â€˜[01m[Kcurr_theta2[m[Kâ€™ [[01;35m[K-Wunused-parameter[m[K]
  883 | void rhex_walking(float t, float &theta1, float &theta2, float curr_theta1, [01;35m[Kfloat curr_theta2[m[K)
      |                                                                             [01;35m[K~~~~~~^~~~~~~~~~~[m[K
In file included from [01m[K/home/qianlab/lassie-turtle/dependencies/traveler_controller/src/can_driver/can_driver.cpp:1[m[K:
[01m[K/home/qianlab/lassie-turtle/dependencies/traveler_controller/include/can_driver/can_driver.hpp:17:21:[m[K [01;31m[Kerror: [m[Kâ€˜[01m[KTraveler[m[Kâ€™ has not been declared
   17 |     void setControl([01;31m[KTraveler[m[K& traveler_leg_);
      |                     [01;31m[K^~~~~~~~[m[K
[01m[K/home/qianlab/lassie-turtle/dependencies/traveler_controller/include/can_driver/can_driver.hpp:18:27:[m[K [01;31m[Kerror: [m[Kâ€˜[01m[KTraveler[m[Kâ€™ has not been declared
   18 |     void get_motor_status([01;31m[KTraveler[m[K& traveler_leg_);
      |                           [01;31m[K^~~~~~~~[m[K
[01m[K/home/qianlab/lassie-turtle/dependencies/traveler_controller/src/can_driver/can_driver.cpp:[m[K In constructor â€˜[01m[Kcan_driver::can_driver()[m[Kâ€™:
[01m[K/home/qianlab/lassie-turtle/dependencies/traveler_controller/src/can_driver/can_driver.cpp:11:80:[m[K [01;31m[Kerror: [m[Kâ€˜[01m[KMG_GET_ENCODER_ESTIMATES[m[Kâ€™ is not a member of â€˜[01m[Kodrive_can::Msg[m[Kâ€™
   11 |                                socket_get_encoder_estimates_1(odrive_can::Msg::[01;31m[KMG_GET_ENCODER_ESTIMATES[m[K | odrive_can::AXIS::AXIS_0_ID,1, 0x7FF, 500),
      |                                                                                [01;31m[K^~~~~~~~~~~~~~~~~~~~~~~~[m[K
[01m[K/home/qianlab/lassie-turtle/dependencies/traveler_controller/src/can_driver/can_driver.cpp:[m[K At global scope:
[01m[K/home/qianlab/lassie-turtle/dependencies/traveler_controller/src/can_driver/can_driver.cpp:92:35:[m[K [01;31m[Kerror: [m[Kvariable or field â€˜[01m[Kget_motor_status[m[Kâ€™ declared void
   92 | void can_driver::get_motor_status([01;31m[KTraveler[m[K& traveler_leg_){
      |                                   [01;31m[K^~~~~~~~[m[K
[01m[K/home/qianlab/lassie-turtle/dependencies/traveler_controller/src/can_driver/can_driver.cpp:92:35:[m[K [01;31m[Kerror: [m[Kâ€˜[01m[KTraveler[m[Kâ€™ was not declared in this scope
[01m[K/home/qianlab/lassie-turtle/dependencies/traveler_controller/src/can_driver/can_driver.cpp:92:45:[m[K [01;31m[Kerror: [m[Kâ€˜[01m[Ktraveler_leg_[m[Kâ€™ was not declared in this scope; did you mean â€˜[01m[Ktraveler_msgs[m[Kâ€™?
   92 | void can_driver::get_motor_status(Traveler& [01;31m[Ktraveler_leg_[m[K){
      |                                             [01;31m[K^~~~~~~~~~~~~[m[K
      |                                             [32m[Ktraveler_msgs[m[K
[01m[K/home/qianlab/lassie-turtle/dependencies/traveler_controller/src/can_driver/can_driver.cpp:99:29:[m[K [01;31m[Kerror: [m[Kvariable or field â€˜[01m[KsetControl[m[Kâ€™ declared void
   99 | void can_driver::setControl([01;31m[KTraveler[m[K& traveler_leg_){
      |                             [01;31m[K^~~~~~~~[m[K
[01m[K/home/qianlab/lassie-turtle/dependencies/traveler_controller/src/can_driver/can_driver.cpp:99:29:[m[K [01;31m[Kerror: [m[Kâ€˜[01m[KTraveler[m[Kâ€™ was not declared in this scope
[01m[K/home/qianlab/lassie-turtle/dependencies/traveler_controller/src/can_driver/can_driver.cpp:99:39:[m[K [01;31m[Kerror: [m[Kâ€˜[01m[Ktraveler_leg_[m[Kâ€™ was not declared in this scope; did you mean â€˜[01m[Ktraveler_msgs[m[Kâ€™?
   99 | void can_driver::setControl(Traveler& [01;31m[Ktraveler_leg_[m[K){
      |                                       [01;31m[K^~~~~~~~~~~~~[m[K
      |                                       [32m[Ktraveler_msgs[m[K
make[2]: *** [CMakeFiles/turtle_high_controller.dir/build.make:160: CMakeFiles/turtle_high_controller.dir/src/can_driver/can_driver.cpp.o] Error 1
make[2]: *** Waiting for unfinished jobs....
In file included from [01m[K/home/qianlab/lassie-turtle/dependencies/traveler_controller/src/main.cpp:8[m[K:
[01m[K/home/qianlab/lassie-turtle/dependencies/traveler_controller/include/main.h:43:14:[m[K [01;35m[Kwarning: [m[Kâ€˜[01m[Ktimer[m[Kâ€™ defined but not used [[01;35m[K-Wunused-variable[m[K]
   43 | static float [01;35m[Ktimer[m[K[10] = { 0 };
      |              [01;35m[K^~~~~[m[K
[01m[K/home/qianlab/lassie-turtle/dependencies/traveler_controller/include/main.h:41:12:[m[K [01;35m[Kwarning: [m[Kâ€˜[01m[Kinit_done[m[Kâ€™ defined but not used [[01;35m[K-Wunused-variable[m[K]
   41 | static int [01;35m[Kinit_done[m[K = 0;
      |            [01;35m[K^~~~~~~~~[m[K
[01m[K/home/qianlab/lassie-turtle/dependencies/traveler_controller/include/main.h:40:14:[m[K [01;35m[Kwarning: [m[Kâ€˜[01m[Kinit_cnt[m[Kâ€™ defined but not used [[01;35m[K-Wunused-variable[m[K]
   40 | static float [01;35m[Kinit_cnt[m[K = 0;
      |              [01;35m[K^~~~~~~~[m[K
make[1]: *** [CMakeFiles/Makefile2:139: CMakeFiles/turtle_high_controller.dir/all] Error 2
make[1]: *** Waiting for unfinished jobs....
[ 92%] [32m[1mLinking CXX executable odrive_can_interface[0m
[ 92%] Built target odrive_can_interface
make: *** [Makefile:146: all] Error 2
