[0.015s] Invoking command in '/home/qianlab/lassie-turtle/dependencies/build/turtle_high_controller': AMENT_PREFIX_PATH=/home/qianlab/lassie-turtle/dependencies/install/traveler_msgs:${AMENT_PREFIX_PATH} CMAKE_PREFIX_PATH=/home/qianlab/lassie-turtle/dependencies/install/traveler_msgs:/opt/ros/traveler/traveler_msgs:/home/qianlab/traveler_workspace/install/traveler_high_controller:/home/qianlab/traveler_workspace/install/odrive_pro_srvs_msgs:/home/qianlab/lassie-spirit/lassie-spirit/dependencies/spirit_msgs/install/spirit_msgs:/opt/ros/foxy LD_LIBRARY_PATH=/home/qianlab/lassie-turtle/dependencies/install/traveler_msgs/lib:${LD_LIBRARY_PATH} PYTHONPATH=/home/qianlab/lassie-turtle/dependencies/install/traveler_msgs/lib/python3.8/site-packages:${PYTHONPATH} /usr/local/bin/cmake --build /home/qianlab/lassie-turtle/dependencies/build/turtle_high_controller -- -j12 -l12
[0.043s] [ 35%] Built target odrive_can_interface
[0.050s] [ 42%] [32mBuilding CXX object CMakeFiles/turtle_high_controller.dir/src/main.cpp.o[0m
[0.050s] [ 50%] [32mBuilding CXX object CMakeFiles/turtle_high_controller.dir/src/controller/controller_monitor.cpp.o[0m
[0.050s] [ 57%] [32mBuilding CXX object CMakeFiles/turtle_high_controller.dir/src/controller/pid_speed_controller.cpp.o[0m
[0.050s] [ 71%] [32mBuilding CXX object CMakeFiles/turtle_high_controller.dir/src/controller/Inverse_kinematics.cpp.o[0m
[0.051s] [ 71%] [32mBuilding CXX object CMakeFiles/turtle_high_controller.dir/src/proxy/lowerproxy.cpp.o[0m
[0.051s] [ 78%] [32mBuilding CXX object CMakeFiles/turtle_high_controller.dir/src/proxy/upperproxy.cpp.o[0m
[0.052s] [ 85%] [32mBuilding CXX object CMakeFiles/turtle_high_controller.dir/src/can_driver/can_driver.cpp.o[0m
[0.418s] [01m[K/home/qianlab/lassie-turtle/dependencies/traveler_controller/src/controller/Inverse_kinematics.cpp:[m[K In function â€˜[01m[Kvoid checkleft(float&, float&, float&)[m[Kâ€™:
[0.419s] [01m[K/home/qianlab/lassie-turtle/dependencies/traveler_controller/src/controller/Inverse_kinematics.cpp:51:11:[m[K [01;35m[Kwarning: [m[Kunused variable â€˜[01m[KL[m[Kâ€™ [[01;35m[K-Wunused-variable[m[K]
[0.419s]    51 |     float [01;35m[KL[m[K = 0.14;
[0.419s]       |           [01;35m[K^[m[K
[0.419s] [01m[K/home/qianlab/lassie-turtle/dependencies/traveler_controller/src/controller/Inverse_kinematics.cpp:49:38:[m[K [01;35m[Kwarning: [m[Kunused parameter â€˜[01m[Kbeta1[m[Kâ€™ [[01;35m[K-Wunused-parameter[m[K]
[0.419s]    49 | void checkleft(float &gamma1, [01;35m[Kfloat &beta1[m[K, float &theta1)
[0.419s]       |                               [01;35m[K~~~~~~~^~~~~[m[K
[0.419s] [01m[K/home/qianlab/lassie-turtle/dependencies/traveler_controller/src/controller/Inverse_kinematics.cpp:[m[K In function â€˜[01m[Kvoid checkright(float&, float&, float&)[m[Kâ€™:
[0.419s] [01m[K/home/qianlab/lassie-turtle/dependencies/traveler_controller/src/controller/Inverse_kinematics.cpp:96:11:[m[K [01;35m[Kwarning: [m[Kunused variable â€˜[01m[KL[m[Kâ€™ [[01;35m[K-Wunused-variable[m[K]
[0.419s]    96 |     float [01;35m[KL[m[K = 0.14;
[0.419s]       |           [01;35m[K^[m[K
[0.419s] [01m[K/home/qianlab/lassie-turtle/dependencies/traveler_controller/src/controller/Inverse_kinematics.cpp:94:39:[m[K [01;35m[Kwarning: [m[Kunused parameter â€˜[01m[Kbeta2[m[Kâ€™ [[01;35m[K-Wunused-parameter[m[K]
[0.419s]    94 | void checkright(float &gamma2, [01;35m[Kfloat &beta2[m[K, float &theta2)
[0.419s]       |                                [01;35m[K~~~~~~~^~~~~[m[K
[0.432s] [01m[K/home/qianlab/lassie-turtle/dependencies/traveler_controller/src/controller/Inverse_kinematics.cpp:[m[K In function â€˜[01m[Kvoid rhex_walking(float, float&, float&, float, float)[m[Kâ€™:
[0.432s] [01m[K/home/qianlab/lassie-turtle/dependencies/traveler_controller/src/controller/Inverse_kinematics.cpp:883:25:[m[K [01;35m[Kwarning: [m[Kunused parameter â€˜[01m[Kt[m[Kâ€™ [[01;35m[K-Wunused-parameter[m[K]
[0.432s]   883 | void rhex_walking([01;35m[Kfloat t[m[K, float &theta1, float &theta2, float curr_theta1, float curr_theta2)
[0.432s]       |                   [01;35m[K~~~~~~^[m[K
[0.432s] [01m[K/home/qianlab/lassie-turtle/dependencies/traveler_controller/src/controller/Inverse_kinematics.cpp:883:83:[m[K [01;35m[Kwarning: [m[Kunused parameter â€˜[01m[Kcurr_theta2[m[Kâ€™ [[01;35m[K-Wunused-parameter[m[K]
[0.432s]   883 | void rhex_walking(float t, float &theta1, float &theta2, float curr_theta1, [01;35m[Kfloat curr_theta2[m[K)
[0.432s]       |                                                                             [01;35m[K~~~~~~^~~~~~~~~~~[m[K
[1.149s] [01m[K/home/qianlab/lassie-turtle/dependencies/traveler_controller/src/controller/pid_speed_controller.cpp:[m[K In member function â€˜[01m[Kvirtual void turtle_namespace::control::PID_speed_controller::ComputeControlCommand(turtle&)[m[Kâ€™:
[1.149s] [01m[K/home/qianlab/lassie-turtle/dependencies/traveler_controller/src/controller/pid_speed_controller.cpp:40:40:[m[K [01;31m[Kerror: [m[Kâ€˜[01m[Kstruct trutle_command[m[Kâ€™ has no member named â€˜[01m[Kleft_limb_motor[m[Kâ€™
[1.150s]    40 |                 turtle_.turtle_control.[01;31m[Kleft_limb_motor[m[K.motor_control_position = theta1;
[1.150s]       |                                        [01;31m[K^~~~~~~~~~~~~~~[m[K
[1.150s] [01m[K/home/qianlab/lassie-turtle/dependencies/traveler_controller/src/controller/pid_speed_controller.cpp:41:40:[m[K [01;31m[Kerror: [m[Kâ€˜[01m[Kstruct trutle_command[m[Kâ€™ has no member named â€˜[01m[Kleft_big_servo_command[m[Kâ€™
[1.150s]    41 |                 turtle_.turtle_control.[01;31m[Kleft_big_servo_command[m[K = gamma1;
[1.150s]       |                                        [01;31m[K^~~~~~~~~~~~~~~~~~~~~~[m[K
[1.150s] [01m[K/home/qianlab/lassie-turtle/dependencies/traveler_controller/src/controller/pid_speed_controller.cpp:42:40:[m[K [01;31m[Kerror: [m[Kâ€˜[01m[Kstruct trutle_command[m[Kâ€™ has no member named â€˜[01m[Kleft_small_servo_command[m[Kâ€™
[1.150s]    42 |                 turtle_.turtle_control.[01;31m[Kleft_small_servo_command[m[K = beta1;
[1.150s]       |                                        [01;31m[K^~~~~~~~~~~~~~~~~~~~~~~~[m[K
[1.150s] [01m[K/home/qianlab/lassie-turtle/dependencies/traveler_controller/src/controller/pid_speed_controller.cpp:44:40:[m[K [01;31m[Kerror: [m[Kâ€˜[01m[Kstruct trutle_command[m[Kâ€™ has no member named â€˜[01m[Kright_limb_motor[m[Kâ€™
[1.150s]    44 |                 turtle_.turtle_control.[01;31m[Kright_limb_motor[m[K.motor_control_position = theta2;
[1.150s]       |                                        [01;31m[K^~~~~~~~~~~~~~~~[m[K
[1.151s] [01m[K/home/qianlab/lassie-turtle/dependencies/traveler_controller/src/controller/pid_speed_controller.cpp:45:40:[m[K [01;31m[Kerror: [m[Kâ€˜[01m[Kstruct trutle_command[m[Kâ€™ has no member named â€˜[01m[Kright_big_servo_command[m[Kâ€™
[1.151s]    45 |                 turtle_.turtle_control.[01;31m[Kright_big_servo_command[m[K = gamma2;
[1.151s]       |                                        [01;31m[K^~~~~~~~~~~~~~~~~~~~~~~[m[K
[1.151s] [01m[K/home/qianlab/lassie-turtle/dependencies/traveler_controller/src/controller/pid_speed_controller.cpp:46:40:[m[K [01;31m[Kerror: [m[Kâ€˜[01m[Kstruct trutle_command[m[Kâ€™ has no member named â€˜[01m[Kright_small_servo_command[m[Kâ€™
[1.151s]    46 |                 turtle_.turtle_control.[01;31m[Kright_small_servo_command[m[K = beta2;
[1.151s]       |                                        [01;31m[K^~~~~~~~~~~~~~~~~~~~~~~~~[m[K
[1.151s] [01m[K/home/qianlab/lassie-turtle/dependencies/traveler_controller/src/controller/pid_speed_controller.cpp:49:40:[m[K [01;31m[Kerror: [m[Kâ€˜[01m[Kstruct turtle_status[m[Kâ€™ has no member named â€˜[01m[Kleft_big_servo_pos[m[Kâ€™
[1.151s]    49 |                 turtle_.turtle_chassis.[01;31m[Kleft_big_servo_pos[m[K = gamma1;
[1.151s]       |                                        [01;31m[K^~~~~~~~~~~~~~~~~~[m[K
[1.151s] [01m[K/home/qianlab/lassie-turtle/dependencies/traveler_controller/src/controller/pid_speed_controller.cpp:50:40:[m[K [01;31m[Kerror: [m[Kâ€˜[01m[Kstruct turtle_status[m[Kâ€™ has no member named â€˜[01m[Kleft_small_servo_pos[m[Kâ€™
[1.151s]    50 |                 turtle_.turtle_chassis.[01;31m[Kleft_small_servo_pos[m[K = beta1;
[1.151s]       |                                        [01;31m[K^~~~~~~~~~~~~~~~~~~~[m[K
[1.151s] [01m[K/home/qianlab/lassie-turtle/dependencies/traveler_controller/src/controller/pid_speed_controller.cpp:51:40:[m[K [01;31m[Kerror: [m[Kâ€˜[01m[Kstruct turtle_status[m[Kâ€™ has no member named â€˜[01m[Kright_big_servo_pos[m[Kâ€™
[1.151s]    51 |                 turtle_.turtle_chassis.[01;31m[Kright_big_servo_pos[m[K = gamma2;
[1.151s]       |                                        [01;31m[K^~~~~~~~~~~~~~~~~~~[m[K
[1.152s] [01m[K/home/qianlab/lassie-turtle/dependencies/traveler_controller/src/controller/pid_speed_controller.cpp:52:40:[m[K [01;31m[Kerror: [m[Kâ€˜[01m[Kstruct turtle_status[m[Kâ€™ has no member named â€˜[01m[Kright_small_servo_pos[m[Kâ€™
[1.152s]    52 |                 turtle_.turtle_chassis.[01;31m[Kright_small_servo_pos[m[K = beta2;
[1.152s]       |                                        [01;31m[K^~~~~~~~~~~~~~~~~~~~~[m[K
[1.152s] [01m[K/home/qianlab/lassie-turtle/dependencies/traveler_controller/src/controller/pid_speed_controller.cpp:60:40:[m[K [01;31m[Kerror: [m[Kâ€˜[01m[Kstruct trutle_command[m[Kâ€™ has no member named â€˜[01m[Kleft_limb_motor[m[Kâ€™
[1.152s]    60 |                 turtle_.turtle_control.[01;31m[Kleft_limb_motor[m[K.motor_control_position = 0.12;
[1.152s]       |                                        [01;31m[K^~~~~~~~~~~~~~~[m[K
[1.152s] [01m[K/home/qianlab/lassie-turtle/dependencies/traveler_controller/src/controller/pid_speed_controller.cpp:61:40:[m[K [01;31m[Kerror: [m[Kâ€˜[01m[Kstruct trutle_command[m[Kâ€™ has no member named â€˜[01m[Kleft_big_servo_command[m[Kâ€™
[1.152s]    61 |                 turtle_.turtle_control.[01;31m[Kleft_big_servo_command[m[K = 100;
[1.152s]       |                                        [01;31m[K^~~~~~~~~~~~~~~~~~~~~~[m[K
[1.152s] [01m[K/home/qianlab/lassie-turtle/dependencies/traveler_controller/src/controller/pid_speed_controller.cpp:62:40:[m[K [01;31m[Kerror: [m[Kâ€˜[01m[Kstruct trutle_command[m[Kâ€™ has no member named â€˜[01m[Kleft_small_servo_command[m[Kâ€™
[1.152s]    62 |                 turtle_.turtle_control.[01;31m[Kleft_small_servo_command[m[K = 0;
[1.152s]       |                                        [01;31m[K^~~~~~~~~~~~~~~~~~~~~~~~[m[K
[1.152s] [01m[K/home/qianlab/lassie-turtle/dependencies/traveler_controller/src/controller/pid_speed_controller.cpp:65:40:[m[K [01;31m[Kerror: [m[Kâ€˜[01m[Kstruct trutle_command[m[Kâ€™ has no member named â€˜[01m[Kright_limb_motor[m[Kâ€™
[1.152s]    65 |                 turtle_.turtle_control.[01;31m[Kright_limb_motor[m[K.motor_control_position = 1.2;
[1.152s]       |                                        [01;31m[K^~~~~~~~~~~~~~~~[m[K
[1.153s] [01m[K/home/qianlab/lassie-turtle/dependencies/traveler_controller/src/controller/pid_speed_controller.cpp:66:40:[m[K [01;31m[Kerror: [m[Kâ€˜[01m[Kstruct trutle_command[m[Kâ€™ has no member named â€˜[01m[Kright_big_servo_command[m[Kâ€™
[1.153s]    66 |                 turtle_.turtle_control.[01;31m[Kright_big_servo_command[m[K = 23;
[1.153s]       |                                        [01;31m[K^~~~~~~~~~~~~~~~~~~~~~~[m[K
[1.153s] [01m[K/home/qianlab/lassie-turtle/dependencies/traveler_controller/src/controller/pid_speed_controller.cpp:67:40:[m[K [01;31m[Kerror: [m[Kâ€˜[01m[Kstruct trutle_command[m[Kâ€™ has no member named â€˜[01m[Kright_small_servo_command[m[Kâ€™
[1.153s]    67 |                 turtle_.turtle_control.[01;31m[Kright_small_servo_command[m[K = 0;
[1.153s]       |                                        [01;31m[K^~~~~~~~~~~~~~~~~~~~~~~~~[m[K
[1.153s] [01m[K/home/qianlab/lassie-turtle/dependencies/traveler_controller/src/controller/pid_speed_controller.cpp:70:40:[m[K [01;31m[Kerror: [m[Kâ€˜[01m[Kstruct turtle_status[m[Kâ€™ has no member named â€˜[01m[Kleft_big_servo_pos[m[Kâ€™
[1.153s]    70 |                 turtle_.turtle_chassis.[01;31m[Kleft_big_servo_pos[m[K = 100;
[1.153s]       |                                        [01;31m[K^~~~~~~~~~~~~~~~~~[m[K
[1.153s] [01m[K/home/qianlab/lassie-turtle/dependencies/traveler_controller/src/controller/pid_speed_controller.cpp:71:40:[m[K [01;31m[Kerror: [m[Kâ€˜[01m[Kstruct turtle_status[m[Kâ€™ has no member named â€˜[01m[Kleft_small_servo_pos[m[Kâ€™
[1.153s]    71 |                 turtle_.turtle_chassis.[01;31m[Kleft_small_servo_pos[m[K = 0;
[1.153s]       |                                        [01;31m[K^~~~~~~~~~~~~~~~~~~~[m[K
[1.153s] [01m[K/home/qianlab/lassie-turtle/dependencies/traveler_controller/src/controller/pid_speed_controller.cpp:72:40:[m[K [01;31m[Kerror: [m[Kâ€˜[01m[Kstruct turtle_status[m[Kâ€™ has no member named â€˜[01m[Kright_big_servo_pos[m[Kâ€™
[1.153s]    72 |                 turtle_.turtle_chassis.[01;31m[Kright_big_servo_pos[m[K = 23;
[1.153s]       |                                        [01;31m[K^~~~~~~~~~~~~~~~~~~[m[K
[1.153s] [01m[K/home/qianlab/lassie-turtle/dependencies/traveler_controller/src/controller/pid_speed_controller.cpp:73:40:[m[K [01;31m[Kerror: [m[Kâ€˜[01m[Kstruct turtle_status[m[Kâ€™ has no member named â€˜[01m[Kright_small_servo_pos[m[Kâ€™
[1.154s]    73 |                 turtle_.turtle_chassis.[01;31m[Kright_small_servo_pos[m[K = 0;
[1.154s]       |                                        [01;31m[K^~~~~~~~~~~~~~~~~~~~~[m[K
[1.500s] [01m[K/home/qianlab/lassie-turtle/dependencies/traveler_controller/src/main.cpp:[m[K In function â€˜[01m[Kint main(int, char**)[m[Kâ€™:
[1.500s] [01m[K/home/qianlab/lassie-turtle/dependencies/traveler_controller/src/main.cpp:28:18:[m[K [01;31m[Kerror: [m[Kâ€˜[01m[Kcan_driver[m[Kâ€™ was not declared in this scope
[1.500s]    28 |  std::shared_ptr<[01;31m[Kcan_driver[m[K> Can_driver_  = std::make_shared<can_driver>();
[1.500s]       |                  [01;31m[K^~~~~~~~~~[m[K
[1.501s] [01m[K/home/qianlab/lassie-turtle/dependencies/traveler_controller/src/main.cpp:28:28:[m[K [01;31m[Kerror: [m[Ktemplate argument 1 is invalid
[1.501s]    28 |  std::shared_ptr<can_driver[01;31m[K>[m[K Can_driver_  = std::make_shared<can_driver>();
[1.501s]       |                            [01;31m[K^[m[K
[1.501s] [01m[K/home/qianlab/lassie-turtle/dependencies/traveler_controller/src/main.cpp:28:74:[m[K [01;31m[Kerror: [m[Kno matching function for call to â€˜[01m[Kmake_shared<can_driver>()[m[Kâ€™
[1.501s]    28 |  std::shared_ptr<can_driver> Can_driver_  = std::make_shared<can_driver>([01;31m[K)[m[K;
[1.501s]       |                                                                          [01;31m[K^[m[K
[1.501s] In file included from [01m[K/usr/include/c++/9/memory:81[m[K,
[1.501s]                  from [01m[K/opt/ros/foxy/include/rosidl_runtime_cpp/bounded_vector.hpp:19[m[K,
[1.501s]                  from [01m[K/home/qianlab/lassie-turtle/dependencies/install/traveler_msgs/include/traveler_msgs/msg/detail/odrive_status__struct.hpp:8[m[K,
[1.501s]                  from [01m[K/home/qianlab/lassie-turtle/dependencies/install/traveler_msgs/include/traveler_msgs/msg/odrive_status.hpp:7[m[K,
[1.501s]                  from [01m[K/home/qianlab/lassie-turtle/dependencies/traveler_controller/include/proxy/control_data.h:13[m[K,
[1.501s]                  from [01m[K/home/qianlab/lassie-turtle/dependencies/traveler_controller/include/controller/basecontroller.h:10[m[K,
[1.501s]                  from [01m[K/home/qianlab/lassie-turtle/dependencies/traveler_controller/include/controller/controller_monitor.h:13[m[K,
[1.501s]                  from [01m[K/home/qianlab/lassie-turtle/dependencies/traveler_controller/include/main.h:12[m[K,
[1.502s]                  from [01m[K/home/qianlab/lassie-turtle/dependencies/traveler_controller/src/main.cpp:8[m[K:
[1.502s] [01m[K/usr/include/c++/9/bits/shared_ptr.h:714:5:[m[K [01;36m[Knote: [m[Kcandidate: â€˜[01m[Ktemplate<class _Tp, class ... _Args> std::shared_ptr<_Tp> std::make_shared(_Args&& ...)[m[Kâ€™
[1.502s]   714 |     [01;36m[Kmake_shared[m[K(_Args&&... __args)
[1.502s]       |     [01;36m[K^~~~~~~~~~~[m[K
[1.502s] [01m[K/usr/include/c++/9/bits/shared_ptr.h:714:5:[m[K [01;36m[Knote: [m[K  template argument deduction/substitution failed:
[1.502s] [01m[K/home/qianlab/lassie-turtle/dependencies/traveler_controller/src/main.cpp:39:14:[m[K [01;31m[Kerror: [m[Kbase operand of â€˜[01m[K->[m[Kâ€™ is not a pointer
[1.502s]    39 |   Can_driver_[01;31m[K->[m[Kget_motor_status(turtle_);
[1.502s]       |              [01;31m[K^~[m[K
[1.502s] [01m[K/home/qianlab/lassie-turtle/dependencies/traveler_controller/src/main.cpp:47:14:[m[K [01;31m[Kerror: [m[Kbase operand of â€˜[01m[K->[m[Kâ€™ is not a pointer
[1.503s]    47 |   Can_driver_[01;31m[K->[m[KsetControl(turtle_);
[1.503s]       |              [01;31m[K^~[m[K
[1.599s] make[2]: *** [CMakeFiles/turtle_high_controller.dir/build.make:104: CMakeFiles/turtle_high_controller.dir/src/controller/pid_speed_controller.cpp.o] Error 1
[1.599s] make[2]: *** Waiting for unfinished jobs....
[1.603s] In file included from [01m[K/home/qianlab/lassie-turtle/dependencies/traveler_controller/src/can_driver/can_driver.cpp:1[m[K:
[1.603s] [01m[K/home/qianlab/lassie-turtle/dependencies/traveler_controller/include/can_driver/can_driver.hpp:17:21:[m[K [01;31m[Kerror: [m[Kâ€˜[01m[KTraveler[m[Kâ€™ has not been declared
[1.603s]    17 |     void setControl([01;31m[KTraveler[m[K& traveler_leg_);
[1.603s]       |                     [01;31m[K^~~~~~~~[m[K
[1.603s] [01m[K/home/qianlab/lassie-turtle/dependencies/traveler_controller/include/can_driver/can_driver.hpp:18:27:[m[K [01;31m[Kerror: [m[Kâ€˜[01m[KTraveler[m[Kâ€™ has not been declared
[1.603s]    18 |     void get_motor_status([01;31m[KTraveler[m[K& traveler_leg_);
[1.603s]       |                           [01;31m[K^~~~~~~~[m[K
[1.611s] [01m[K/home/qianlab/lassie-turtle/dependencies/traveler_controller/src/can_driver/can_driver.cpp:[m[K In constructor â€˜[01m[Kcan_driver::can_driver()[m[Kâ€™:
[1.611s] [01m[K/home/qianlab/lassie-turtle/dependencies/traveler_controller/src/can_driver/can_driver.cpp:11:80:[m[K [01;31m[Kerror: [m[Kâ€˜[01m[KMG_GET_ENCODER_ESTIMATES[m[Kâ€™ is not a member of â€˜[01m[Kodrive_can::Msg[m[Kâ€™
[1.611s]    11 |                                socket_get_encoder_estimates_1(odrive_can::Msg::[01;31m[KMG_GET_ENCODER_ESTIMATES[m[K | odrive_can::AXIS::AXIS_0_ID,1, 0x7FF, 500),
[1.611s]       |                                                                                [01;31m[K^~~~~~~~~~~~~~~~~~~~~~~~[m[K
[1.626s] [01m[K/home/qianlab/lassie-turtle/dependencies/traveler_controller/src/can_driver/can_driver.cpp:[m[K At global scope:
[1.626s] [01m[K/home/qianlab/lassie-turtle/dependencies/traveler_controller/src/can_driver/can_driver.cpp:92:6:[m[K [01;31m[Kerror: [m[Kno declaration matches â€˜[01m[Kvoid can_driver::get_motor_status(turtle&)[m[Kâ€™
[1.626s]    92 | void [01;31m[Kcan_driver[m[K::get_motor_status(turtle& turtle_){
[1.626s]       |      [01;31m[K^~~~~~~~~~[m[K
[1.626s] In file included from [01m[K/home/qianlab/lassie-turtle/dependencies/traveler_controller/src/can_driver/can_driver.cpp:1[m[K:
[1.627s] [01m[K/home/qianlab/lassie-turtle/dependencies/traveler_controller/include/can_driver/can_driver.hpp:18:10:[m[K [01;36m[Knote: [m[Kcandidate is: â€˜[01m[Kvoid can_driver::get_motor_status(int&)[m[Kâ€™
[1.627s]    18 |     void [01;36m[Kget_motor_status[m[K(Traveler& traveler_leg_);
[1.627s]       |          [01;36m[K^~~~~~~~~~~~~~~~[m[K
[1.627s] [01m[K/home/qianlab/lassie-turtle/dependencies/traveler_controller/include/can_driver/can_driver.hpp:12:7:[m[K [01;36m[Knote: [m[Kâ€˜[01m[Kclass can_driver[m[Kâ€™ defined here
[1.627s]    12 | class [01;36m[Kcan_driver[m[K : public rclcpp::Node
[1.627s]       |       [01;36m[K^~~~~~~~~~[m[K
[1.627s] [01m[K/home/qianlab/lassie-turtle/dependencies/traveler_controller/src/can_driver/can_driver.cpp:101:6:[m[K [01;31m[Kerror: [m[Kno declaration matches â€˜[01m[Kvoid can_driver::setControl(turtle&)[m[Kâ€™
[1.627s]   101 | void [01;31m[Kcan_driver[m[K::setControl(turtle& turtle_){
[1.627s]       |      [01;31m[K^~~~~~~~~~[m[K
[1.627s] In file included from [01m[K/home/qianlab/lassie-turtle/dependencies/traveler_controller/src/can_driver/can_driver.cpp:1[m[K:
[1.627s] [01m[K/home/qianlab/lassie-turtle/dependencies/traveler_controller/include/can_driver/can_driver.hpp:17:10:[m[K [01;36m[Knote: [m[Kcandidate is: â€˜[01m[Kvoid can_driver::setControl(int&)[m[Kâ€™
[1.627s]    17 |     void [01;36m[KsetControl[m[K(Traveler& traveler_leg_);
[1.627s]       |          [01;36m[K^~~~~~~~~~[m[K
[1.627s] [01m[K/home/qianlab/lassie-turtle/dependencies/traveler_controller/include/can_driver/can_driver.hpp:12:7:[m[K [01;36m[Knote: [m[Kâ€˜[01m[Kclass can_driver[m[Kâ€™ defined here
[1.627s]    12 | class [01;36m[Kcan_driver[m[K : public rclcpp::Node
[1.628s]       |       [01;36m[K^~~~~~~~~~[m[K
[1.713s] [01m[K/home/qianlab/lassie-turtle/dependencies/traveler_controller/src/proxy/lowerproxy.cpp:[m[K In member function â€˜[01m[Kvoid turtle_namespace::control::lowerproxy::PublishControlCommand(turtle&)[m[Kâ€™:
[1.713s] [01m[K/home/qianlab/lassie-turtle/dependencies/traveler_controller/src/proxy/lowerproxy.cpp:81:52:[m[K [01;31m[Kerror: [m[Kâ€˜[01m[Kstruct trutle_command[m[Kâ€™ has no member named â€˜[01m[Kleft_limb_motor[m[Kâ€™
[1.713s]    81 |     message1.data.push_back(turtle_.turtle_control.[01;31m[Kleft_limb_motor[m[K.motor_control_position);
[1.713s]       |                                                    [01;31m[K^~~~~~~~~~~~~~~[m[K
[1.713s] [01m[K/home/qianlab/lassie-turtle/dependencies/traveler_controller/src/proxy/lowerproxy.cpp:82:52:[m[K [01;31m[Kerror: [m[Kâ€˜[01m[Kstruct trutle_command[m[Kâ€™ has no member named â€˜[01m[Kright_limb_motor[m[Kâ€™
[1.713s]    82 |     message2.data.push_back(turtle_.turtle_control.[01;31m[Kright_limb_motor[m[K.motor_control_position);
[1.713s]       |                                                    [01;31m[K^~~~~~~~~~~~~~~~[m[K
[1.713s] [01m[K/home/qianlab/lassie-turtle/dependencies/traveler_controller/src/proxy/lowerproxy.cpp:83:52:[m[K [01;31m[Kerror: [m[Kâ€˜[01m[Kstruct trutle_command[m[Kâ€™ has no member named â€˜[01m[Kleft_big_servo_command[m[Kâ€™
[1.713s]    83 |     message3.data.push_back(turtle_.turtle_control.[01;31m[Kleft_big_servo_command[m[K);
[1.713s]       |                                                    [01;31m[K^~~~~~~~~~~~~~~~~~~~~~[m[K
[1.714s] [01m[K/home/qianlab/lassie-turtle/dependencies/traveler_controller/src/proxy/lowerproxy.cpp:84:52:[m[K [01;31m[Kerror: [m[Kâ€˜[01m[Kstruct trutle_command[m[Kâ€™ has no member named â€˜[01m[Kleft_small_servo_command[m[Kâ€™
[1.714s]    84 |     message4.data.push_back(turtle_.turtle_control.[01;31m[Kleft_small_servo_command[m[K);
[1.714s]       |                                                    [01;31m[K^~~~~~~~~~~~~~~~~~~~~~~~[m[K
[1.714s] [01m[K/home/qianlab/lassie-turtle/dependencies/traveler_controller/src/proxy/lowerproxy.cpp:85:52:[m[K [01;31m[Kerror: [m[Kâ€˜[01m[Kstruct trutle_command[m[Kâ€™ has no member named â€˜[01m[Kright_big_servo_command[m[Kâ€™
[1.714s]    85 |     message5.data.push_back(turtle_.turtle_control.[01;31m[Kright_big_servo_command[m[K);
[1.714s]       |                                                    [01;31m[K^~~~~~~~~~~~~~~~~~~~~~~[m[K
[1.714s] [01m[K/home/qianlab/lassie-turtle/dependencies/traveler_controller/src/proxy/lowerproxy.cpp:86:52:[m[K [01;31m[Kerror: [m[Kâ€˜[01m[Kstruct trutle_command[m[Kâ€™ has no member named â€˜[01m[Kright_small_servo_command[m[Kâ€™
[1.714s]    86 |     message6.data.push_back(turtle_.turtle_control.[01;31m[Kright_small_servo_command[m[K);
[1.714s]       |                                                    [01;31m[K^~~~~~~~~~~~~~~~~~~~~~~~~[m[K
[1.723s] [01m[K/home/qianlab/lassie-turtle/dependencies/traveler_controller/src/proxy/lowerproxy.cpp:[m[K In member function â€˜[01m[Kvoid turtle_namespace::control::lowerproxy::UpdateJoystickStatus(turtle&)[m[Kâ€™:
[1.723s] [01m[K/home/qianlab/lassie-turtle/dependencies/traveler_controller/src/proxy/lowerproxy.cpp:123:5:[m[K [01;31m[Kerror: [m[Kâ€˜[01m[Kturtle_temp_[m[Kâ€™ was not declared in this scope; did you mean â€˜[01m[Kturtle_inter_[m[Kâ€™?
[1.723s]   123 |     [01;31m[Kturtle_temp_[m[K = turtle_;
[1.723s]       |     [01;31m[K^~~~~~~~~~~~[m[K
[1.723s]       |     [32m[Kturtle_inter_[m[K
[1.723s] [01m[K/home/qianlab/lassie-turtle/dependencies/traveler_controller/src/proxy/lowerproxy.cpp:147:25:[m[K [01;31m[Kerror: [m[Kexpected â€˜[01m[K;[m[Kâ€™ before â€˜[01m[K}[m[Kâ€™ token
[1.723s]   147 |     terrain_estimation()
[1.723s]       |                         [01;31m[K^[m[K
[1.723s]       |                         [32m[K;[m[K
[1.723s] ......
[1.723s]   151 | [32m[K}[m[K
[1.723s]       | [32m[K~[m[K                        
[1.912s] In file included from [01m[K/home/qianlab/lassie-turtle/dependencies/traveler_controller/src/main.cpp:8[m[K:
[1.912s] [01m[K/home/qianlab/lassie-turtle/dependencies/traveler_controller/include/main.h:[m[K At global scope:
[1.912s] [01m[K/home/qianlab/lassie-turtle/dependencies/traveler_controller/include/main.h:43:14:[m[K [01;35m[Kwarning: [m[Kâ€˜[01m[Ktimer[m[Kâ€™ defined but not used [[01;35m[K-Wunused-variable[m[K]
[1.912s]    43 | static float [01;35m[Ktimer[m[K[10] = { 0 };
[1.912s]       |              [01;35m[K^~~~~[m[K
[1.912s] [01m[K/home/qianlab/lassie-turtle/dependencies/traveler_controller/include/main.h:41:12:[m[K [01;35m[Kwarning: [m[Kâ€˜[01m[Kinit_done[m[Kâ€™ defined but not used [[01;35m[K-Wunused-variable[m[K]
[1.912s]    41 | static int [01;35m[Kinit_done[m[K = 0;
[1.912s]       |            [01;35m[K^~~~~~~~~[m[K
[1.912s] [01m[K/home/qianlab/lassie-turtle/dependencies/traveler_controller/include/main.h:40:14:[m[K [01;35m[Kwarning: [m[Kâ€˜[01m[Kinit_cnt[m[Kâ€™ defined but not used [[01;35m[K-Wunused-variable[m[K]
[1.912s]    40 | static float [01;35m[Kinit_cnt[m[K = 0;
[1.912s]       |              [01;35m[K^~~~~~~~[m[K
[1.925s] make[2]: *** [CMakeFiles/turtle_high_controller.dir/build.make:76: CMakeFiles/turtle_high_controller.dir/src/main.cpp.o] Error 1
[2.057s] make[2]: *** [CMakeFiles/turtle_high_controller.dir/build.make:160: CMakeFiles/turtle_high_controller.dir/src/can_driver/can_driver.cpp.o] Error 1
[2.410s] make[2]: *** [CMakeFiles/turtle_high_controller.dir/build.make:132: CMakeFiles/turtle_high_controller.dir/src/proxy/lowerproxy.cpp.o] Error 1
[4.814s] make[1]: *** [CMakeFiles/Makefile2:139: CMakeFiles/turtle_high_controller.dir/all] Error 2
[4.814s] make: *** [Makefile:146: all] Error 2
[4.816s] Invoked command in '/home/qianlab/lassie-turtle/dependencies/build/turtle_high_controller' returned '2': AMENT_PREFIX_PATH=/home/qianlab/lassie-turtle/dependencies/install/traveler_msgs:${AMENT_PREFIX_PATH} CMAKE_PREFIX_PATH=/home/qianlab/lassie-turtle/dependencies/install/traveler_msgs:/opt/ros/traveler/traveler_msgs:/home/qianlab/traveler_workspace/install/traveler_high_controller:/home/qianlab/traveler_workspace/install/odrive_pro_srvs_msgs:/home/qianlab/lassie-spirit/lassie-spirit/dependencies/spirit_msgs/install/spirit_msgs:/opt/ros/foxy LD_LIBRARY_PATH=/home/qianlab/lassie-turtle/dependencies/install/traveler_msgs/lib:${LD_LIBRARY_PATH} PYTHONPATH=/home/qianlab/lassie-turtle/dependencies/install/traveler_msgs/lib/python3.8/site-packages:${PYTHONPATH} /usr/local/bin/cmake --build /home/qianlab/lassie-turtle/dependencies/build/turtle_high_controller -- -j12 -l12
