[ 35%] Built target odrive_can_interface
[ 50%] [32mBuilding CXX object CMakeFiles/turtle_high_controller.dir/src/can_driver/can_driver.cpp.o[0m
[ 50%] [32mBuilding CXX object CMakeFiles/turtle_high_controller.dir/src/proxy/lowerproxy.cpp.o[0m
[01m[K/home/qianlab/lassie-turtle/dependencies/traveler_controller/src/proxy/lowerproxy.cpp:[m[K In member function â€˜[01m[Kvoid turtle_namespace::control::lowerproxy::calculate_position(turtle&)[m[Kâ€™:
[01m[K/home/qianlab/lassie-turtle/dependencies/traveler_controller/src/proxy/lowerproxy.cpp:76:45:[m[K [01;35m[Kwarning: [m[Kunused parameter â€˜[01m[Kturtle_[m[Kâ€™ [[01;35m[K-Wunused-parameter[m[K]
   76 | void lowerproxy::calculate_position([01;35m[Kturtle &turtle_[m[K )
      |                                     [01;35m[K~~~~~~~~^~~~~~~[m[K
[01m[K/home/qianlab/lassie-turtle/dependencies/traveler_controller/src/proxy/lowerproxy.cpp:[m[K In member function â€˜[01m[Kvoid turtle_namespace::control::lowerproxy::UpdateJoystickStatus(turtle&)[m[Kâ€™:
[01m[K/home/qianlab/lassie-turtle/dependencies/traveler_controller/src/proxy/lowerproxy.cpp:168:5:[m[K [01;31m[Kerror: [m[Kâ€˜[01m[Kturtle_temp_[m[Kâ€™ was not declared in this scope; did you mean â€˜[01m[Kturtle_inter_[m[Kâ€™?
  168 |     [01;31m[Kturtle_temp_[m[K = turtle_;
      |     [01;31m[K^~~~~~~~~~~~[m[K
      |     [32m[Kturtle_inter_[m[K
[01m[K/home/qianlab/lassie-turtle/dependencies/traveler_controller/src/proxy/lowerproxy.cpp:192:25:[m[K [01;31m[Kerror: [m[Kexpected â€˜[01m[K;[m[Kâ€™ before â€˜[01m[K}[m[Kâ€™ token
  192 |     terrain_estimation()
      |                         [01;31m[K^[m[K
      |                         [32m[K;[m[K
......
  196 | [32m[K}[m[K
      | [32m[K~[m[K                        
make[2]: *** [CMakeFiles/turtle_high_controller.dir/build.make:132: CMakeFiles/turtle_high_controller.dir/src/proxy/lowerproxy.cpp.o] Error 1
make[1]: *** [CMakeFiles/Makefile2:139: CMakeFiles/turtle_high_controller.dir/all] Error 2
make: *** [Makefile:146: all] Error 2
