[0.009s] Invoking command in '/home/qianlab/lassie-turtle/dependencies/build/turtle_high_controller': AMENT_PREFIX_PATH=/home/qianlab/lassie-turtle/dependencies/install/traveler_msgs:${AMENT_PREFIX_PATH} CMAKE_PREFIX_PATH=/home/qianlab/lassie-turtle/dependencies/install/traveler_msgs:/opt/ros/traveler/traveler_msgs:/home/qianlab/traveler_workspace/install/traveler_high_controller:/home/qianlab/traveler_workspace/install/odrive_pro_srvs_msgs:/home/qianlab/lassie-spirit/lassie-spirit/dependencies/spirit_msgs/install/spirit_msgs:/opt/ros/foxy LD_LIBRARY_PATH=/home/qianlab/lassie-turtle/dependencies/install/traveler_msgs/lib:${LD_LIBRARY_PATH} PYTHONPATH=/home/qianlab/lassie-turtle/dependencies/install/traveler_msgs/lib/python3.8/site-packages:${PYTHONPATH} /usr/local/bin/cmake --build /home/qianlab/lassie-turtle/dependencies/build/turtle_high_controller -- -j12 -l12
[0.030s] [ 35%] Built target odrive_can_interface
[0.040s] [ 42%] [32mBuilding CXX object CMakeFiles/turtle_high_controller.dir/src/main.cpp.o[0m
[0.041s] [ 50%] [32mBuilding CXX object CMakeFiles/turtle_high_controller.dir/src/controller/pid_speed_controller.cpp.o[0m
[0.042s] [ 57%] [32mBuilding CXX object CMakeFiles/turtle_high_controller.dir/src/proxy/lowerproxy.cpp.o[0m
[0.042s] [ 64%] [32mBuilding CXX object CMakeFiles/turtle_high_controller.dir/src/can_driver/can_driver.cpp.o[0m
[0.996s] [01m[K/home/qianlab/lassie-turtle/dependencies/traveler_controller/src/main.cpp:[m[K In function â€˜[01m[Kint main(int, char**)[m[Kâ€™:
[0.996s] [01m[K/home/qianlab/lassie-turtle/dependencies/traveler_controller/src/main.cpp:26:18:[m[K [01;31m[Kerror: [m[Kâ€˜[01m[Kcan_driver[m[Kâ€™ was not declared in this scope
[0.996s]    26 |  std::shared_ptr<[01;31m[Kcan_driver[m[K> Can_driver_  = std::make_shared<can_driver>();
[0.996s]       |                  [01;31m[K^~~~~~~~~~[m[K
[0.996s] [01m[K/home/qianlab/lassie-turtle/dependencies/traveler_controller/src/main.cpp:26:28:[m[K [01;31m[Kerror: [m[Ktemplate argument 1 is invalid
[0.996s]    26 |  std::shared_ptr<can_driver[01;31m[K>[m[K Can_driver_  = std::make_shared<can_driver>();
[0.997s]       |                            [01;31m[K^[m[K
[0.997s] [01m[K/home/qianlab/lassie-turtle/dependencies/traveler_controller/src/main.cpp:26:74:[m[K [01;31m[Kerror: [m[Kno matching function for call to â€˜[01m[Kmake_shared<can_driver>()[m[Kâ€™
[0.997s]    26 |  std::shared_ptr<can_driver> Can_driver_  = std::make_shared<can_driver>([01;31m[K)[m[K;
[0.997s]       |                                                                          [01;31m[K^[m[K
[0.997s] In file included from [01m[K/usr/include/c++/9/memory:81[m[K,
[0.997s]                  from [01m[K/opt/ros/foxy/include/rosidl_runtime_cpp/bounded_vector.hpp:19[m[K,
[0.997s]                  from [01m[K/home/qianlab/lassie-turtle/dependencies/install/traveler_msgs/include/traveler_msgs/msg/detail/odrive_status__struct.hpp:8[m[K,
[0.997s]                  from [01m[K/home/qianlab/lassie-turtle/dependencies/install/traveler_msgs/include/traveler_msgs/msg/odrive_status.hpp:7[m[K,
[0.997s]                  from [01m[K/home/qianlab/lassie-turtle/dependencies/traveler_controller/include/proxy/control_data.h:13[m[K,
[0.997s]                  from [01m[K/home/qianlab/lassie-turtle/dependencies/traveler_controller/include/controller/basecontroller.h:10[m[K,
[0.997s]                  from [01m[K/home/qianlab/lassie-turtle/dependencies/traveler_controller/include/controller/controller_monitor.h:13[m[K,
[0.997s]                  from [01m[K/home/qianlab/lassie-turtle/dependencies/traveler_controller/include/main.h:12[m[K,
[0.997s]                  from [01m[K/home/qianlab/lassie-turtle/dependencies/traveler_controller/src/main.cpp:8[m[K:
[0.997s] [01m[K/usr/include/c++/9/bits/shared_ptr.h:714:5:[m[K [01;36m[Knote: [m[Kcandidate: â€˜[01m[Ktemplate<class _Tp, class ... _Args> std::shared_ptr<_Tp> std::make_shared(_Args&& ...)[m[Kâ€™
[0.997s]   714 |     [01;36m[Kmake_shared[m[K(_Args&&... __args)
[0.997s]       |     [01;36m[K^~~~~~~~~~~[m[K
[0.998s] [01m[K/usr/include/c++/9/bits/shared_ptr.h:714:5:[m[K [01;36m[Knote: [m[K  template argument deduction/substitution failed:
[0.998s] [01m[K/home/qianlab/lassie-turtle/dependencies/traveler_controller/src/main.cpp:29:2:[m[K [01;31m[Kerror: [m[Kâ€˜[01m[Kmonitor[m[Kâ€™ was not declared in this scope
[0.998s]    29 |  [01;31m[Kmonitor[m[K.Init(); // initial monitor
[0.998s]       |  [01;31m[K^~~~~~~[m[K
[0.999s] [01m[K/home/qianlab/lassie-turtle/dependencies/traveler_controller/src/main.cpp:36:14:[m[K [01;31m[Kerror: [m[Kbase operand of â€˜[01m[K->[m[Kâ€™ is not a pointer
[0.999s]    36 |   Can_driver_[01;31m[K->[m[Kget_motor_status(turtle_);
[0.999s]       |              [01;31m[K^~[m[K
[0.999s] [01m[K/home/qianlab/lassie-turtle/dependencies/traveler_controller/src/main.cpp:40:14:[m[K [01;31m[Kerror: [m[Kbase operand of â€˜[01m[K->[m[Kâ€™ is not a pointer
[0.999s]    40 |   Can_driver_[01;31m[K->[m[KsetControl(turtle_);
[0.999s]       |              [01;31m[K^~[m[K
[1.061s] [01m[K/home/qianlab/lassie-turtle/dependencies/traveler_controller/src/controller/pid_speed_controller.cpp:[m[K In member function â€˜[01m[Kvirtual void turtle_namespace::control::PID_speed_controller::ComputeControlCommand(turtle&)[m[Kâ€™:
[1.062s] [01m[K/home/qianlab/lassie-turtle/dependencies/traveler_controller/src/controller/pid_speed_controller.cpp:40:40:[m[K [01;31m[Kerror: [m[Kâ€˜[01m[Kstruct trutle_command[m[Kâ€™ has no member named â€˜[01m[Kleft_limb_motor[m[Kâ€™
[1.062s]    40 |                 turtle_.turtle_control.[01;31m[Kleft_limb_motor[m[K.motor_control_position = theta1;
[1.062s]       |                                        [01;31m[K^~~~~~~~~~~~~~~[m[K
[1.062s] [01m[K/home/qianlab/lassie-turtle/dependencies/traveler_controller/src/controller/pid_speed_controller.cpp:41:40:[m[K [01;31m[Kerror: [m[Kâ€˜[01m[Kstruct trutle_command[m[Kâ€™ has no member named â€˜[01m[Kleft_big_servo_command[m[Kâ€™
[1.062s]    41 |                 turtle_.turtle_control.[01;31m[Kleft_big_servo_command[m[K = gamma1;
[1.062s]       |                                        [01;31m[K^~~~~~~~~~~~~~~~~~~~~~[m[K
[1.062s] [01m[K/home/qianlab/lassie-turtle/dependencies/traveler_controller/src/controller/pid_speed_controller.cpp:42:40:[m[K [01;31m[Kerror: [m[Kâ€˜[01m[Kstruct trutle_command[m[Kâ€™ has no member named â€˜[01m[Kleft_small_servo_command[m[Kâ€™
[1.062s]    42 |                 turtle_.turtle_control.[01;31m[Kleft_small_servo_command[m[K = beta1;
[1.062s]       |                                        [01;31m[K^~~~~~~~~~~~~~~~~~~~~~~~[m[K
[1.062s] [01m[K/home/qianlab/lassie-turtle/dependencies/traveler_controller/src/controller/pid_speed_controller.cpp:44:40:[m[K [01;31m[Kerror: [m[Kâ€˜[01m[Kstruct trutle_command[m[Kâ€™ has no member named â€˜[01m[Kright_limb_motor[m[Kâ€™
[1.062s]    44 |                 turtle_.turtle_control.[01;31m[Kright_limb_motor[m[K.motor_control_position = theta2;
[1.062s]       |                                        [01;31m[K^~~~~~~~~~~~~~~~[m[K
[1.062s] [01m[K/home/qianlab/lassie-turtle/dependencies/traveler_controller/src/controller/pid_speed_controller.cpp:45:40:[m[K [01;31m[Kerror: [m[Kâ€˜[01m[Kstruct trutle_command[m[Kâ€™ has no member named â€˜[01m[Kright_big_servo_command[m[Kâ€™
[1.062s]    45 |                 turtle_.turtle_control.[01;31m[Kright_big_servo_command[m[K = gamma2;
[1.062s]       |                                        [01;31m[K^~~~~~~~~~~~~~~~~~~~~~~[m[K
[1.063s] [01m[K/home/qianlab/lassie-turtle/dependencies/traveler_controller/src/controller/pid_speed_controller.cpp:46:40:[m[K [01;31m[Kerror: [m[Kâ€˜[01m[Kstruct trutle_command[m[Kâ€™ has no member named â€˜[01m[Kright_small_servo_command[m[Kâ€™
[1.063s]    46 |                 turtle_.turtle_control.[01;31m[Kright_small_servo_command[m[K = beta2;
[1.063s]       |                                        [01;31m[K^~~~~~~~~~~~~~~~~~~~~~~~~[m[K
[1.063s] [01m[K/home/qianlab/lassie-turtle/dependencies/traveler_controller/src/controller/pid_speed_controller.cpp:49:40:[m[K [01;31m[Kerror: [m[Kâ€˜[01m[Kstruct turtle_status[m[Kâ€™ has no member named â€˜[01m[Kleft_big_servo_pos[m[Kâ€™
[1.063s]    49 |                 turtle_.turtle_chassis.[01;31m[Kleft_big_servo_pos[m[K = gamma1;
[1.063s]       |                                        [01;31m[K^~~~~~~~~~~~~~~~~~[m[K
[1.063s] [01m[K/home/qianlab/lassie-turtle/dependencies/traveler_controller/src/controller/pid_speed_controller.cpp:50:40:[m[K [01;31m[Kerror: [m[Kâ€˜[01m[Kstruct turtle_status[m[Kâ€™ has no member named â€˜[01m[Kleft_small_servo_pos[m[Kâ€™
[1.063s]    50 |                 turtle_.turtle_chassis.[01;31m[Kleft_small_servo_pos[m[K = beta1;
[1.063s]       |                                        [01;31m[K^~~~~~~~~~~~~~~~~~~~[m[K
[1.063s] [01m[K/home/qianlab/lassie-turtle/dependencies/traveler_controller/src/controller/pid_speed_controller.cpp:51:40:[m[K [01;31m[Kerror: [m[Kâ€˜[01m[Kstruct turtle_status[m[Kâ€™ has no member named â€˜[01m[Kright_big_servo_pos[m[Kâ€™
[1.063s]    51 |                 turtle_.turtle_chassis.[01;31m[Kright_big_servo_pos[m[K = gamma2;
[1.063s]       |                                        [01;31m[K^~~~~~~~~~~~~~~~~~~[m[K
[1.063s] [01m[K/home/qianlab/lassie-turtle/dependencies/traveler_controller/src/controller/pid_speed_controller.cpp:52:40:[m[K [01;31m[Kerror: [m[Kâ€˜[01m[Kstruct turtle_status[m[Kâ€™ has no member named â€˜[01m[Kright_small_servo_pos[m[Kâ€™
[1.063s]    52 |                 turtle_.turtle_chassis.[01;31m[Kright_small_servo_pos[m[K = beta2;
[1.063s]       |                                        [01;31m[K^~~~~~~~~~~~~~~~~~~~~[m[K
[1.063s] [01m[K/home/qianlab/lassie-turtle/dependencies/traveler_controller/src/controller/pid_speed_controller.cpp:60:40:[m[K [01;31m[Kerror: [m[Kâ€˜[01m[Kstruct trutle_command[m[Kâ€™ has no member named â€˜[01m[Kleft_limb_motor[m[Kâ€™
[1.064s]    60 |                 turtle_.turtle_control.[01;31m[Kleft_limb_motor[m[K.motor_control_position = 0.12;
[1.064s]       |                                        [01;31m[K^~~~~~~~~~~~~~~[m[K
[1.064s] [01m[K/home/qianlab/lassie-turtle/dependencies/traveler_controller/src/controller/pid_speed_controller.cpp:61:40:[m[K [01;31m[Kerror: [m[Kâ€˜[01m[Kstruct trutle_command[m[Kâ€™ has no member named â€˜[01m[Kleft_big_servo_command[m[Kâ€™
[1.064s]    61 |                 turtle_.turtle_control.[01;31m[Kleft_big_servo_command[m[K = 100;
[1.064s]       |                                        [01;31m[K^~~~~~~~~~~~~~~~~~~~~~[m[K
[1.064s] [01m[K/home/qianlab/lassie-turtle/dependencies/traveler_controller/src/controller/pid_speed_controller.cpp:62:40:[m[K [01;31m[Kerror: [m[Kâ€˜[01m[Kstruct trutle_command[m[Kâ€™ has no member named â€˜[01m[Kleft_small_servo_command[m[Kâ€™
[1.064s]    62 |                 turtle_.turtle_control.[01;31m[Kleft_small_servo_command[m[K = 0;
[1.064s]       |                                        [01;31m[K^~~~~~~~~~~~~~~~~~~~~~~~[m[K
[1.064s] [01m[K/home/qianlab/lassie-turtle/dependencies/traveler_controller/src/controller/pid_speed_controller.cpp:65:40:[m[K [01;31m[Kerror: [m[Kâ€˜[01m[Kstruct trutle_command[m[Kâ€™ has no member named â€˜[01m[Kright_limb_motor[m[Kâ€™
[1.064s]    65 |                 turtle_.turtle_control.[01;31m[Kright_limb_motor[m[K.motor_control_position = 1.2;
[1.064s]       |                                        [01;31m[K^~~~~~~~~~~~~~~~[m[K
[1.064s] [01m[K/home/qianlab/lassie-turtle/dependencies/traveler_controller/src/controller/pid_speed_controller.cpp:66:40:[m[K [01;31m[Kerror: [m[Kâ€˜[01m[Kstruct trutle_command[m[Kâ€™ has no member named â€˜[01m[Kright_big_servo_command[m[Kâ€™
[1.064s]    66 |                 turtle_.turtle_control.[01;31m[Kright_big_servo_command[m[K = 23;
[1.064s]       |                                        [01;31m[K^~~~~~~~~~~~~~~~~~~~~~~[m[K
[1.064s] [01m[K/home/qianlab/lassie-turtle/dependencies/traveler_controller/src/controller/pid_speed_controller.cpp:67:40:[m[K [01;31m[Kerror: [m[Kâ€˜[01m[Kstruct trutle_command[m[Kâ€™ has no member named â€˜[01m[Kright_small_servo_command[m[Kâ€™
[1.065s]    67 |                 turtle_.turtle_control.[01;31m[Kright_small_servo_command[m[K = 0;
[1.065s]       |                                        [01;31m[K^~~~~~~~~~~~~~~~~~~~~~~~~[m[K
[1.065s] [01m[K/home/qianlab/lassie-turtle/dependencies/traveler_controller/src/controller/pid_speed_controller.cpp:70:40:[m[K [01;31m[Kerror: [m[Kâ€˜[01m[Kstruct turtle_status[m[Kâ€™ has no member named â€˜[01m[Kleft_big_servo_pos[m[Kâ€™
[1.065s]    70 |                 turtle_.turtle_chassis.[01;31m[Kleft_big_servo_pos[m[K = 100;
[1.065s]       |                                        [01;31m[K^~~~~~~~~~~~~~~~~~[m[K
[1.065s] [01m[K/home/qianlab/lassie-turtle/dependencies/traveler_controller/src/controller/pid_speed_controller.cpp:71:40:[m[K [01;31m[Kerror: [m[Kâ€˜[01m[Kstruct turtle_status[m[Kâ€™ has no member named â€˜[01m[Kleft_small_servo_pos[m[Kâ€™
[1.065s]    71 |                 turtle_.turtle_chassis.[01;31m[Kleft_small_servo_pos[m[K = 0;
[1.065s]       |                                        [01;31m[K^~~~~~~~~~~~~~~~~~~~[m[K
[1.065s] [01m[K/home/qianlab/lassie-turtle/dependencies/traveler_controller/src/controller/pid_speed_controller.cpp:72:40:[m[K [01;31m[Kerror: [m[Kâ€˜[01m[Kstruct turtle_status[m[Kâ€™ has no member named â€˜[01m[Kright_big_servo_pos[m[Kâ€™
[1.065s]    72 |                 turtle_.turtle_chassis.[01;31m[Kright_big_servo_pos[m[K = 23;
[1.065s]       |                                        [01;31m[K^~~~~~~~~~~~~~~~~~~[m[K
[1.065s] [01m[K/home/qianlab/lassie-turtle/dependencies/traveler_controller/src/controller/pid_speed_controller.cpp:73:40:[m[K [01;31m[Kerror: [m[Kâ€˜[01m[Kstruct turtle_status[m[Kâ€™ has no member named â€˜[01m[Kright_small_servo_pos[m[Kâ€™
[1.065s]    73 |                 turtle_.turtle_chassis.[01;31m[Kright_small_servo_pos[m[K = 0;
[1.065s]       |                                        [01;31m[K^~~~~~~~~~~~~~~~~~~~~[m[K
[1.321s] [01m[K/home/qianlab/lassie-turtle/dependencies/traveler_controller/src/proxy/lowerproxy.cpp:[m[K In member function â€˜[01m[Kvoid turtle_namespace::control::lowerproxy::calculate_position(turtle&)[m[Kâ€™:
[1.321s] [01m[K/home/qianlab/lassie-turtle/dependencies/traveler_controller/src/proxy/lowerproxy.cpp:84:36:[m[K [01;31m[Kerror: [m[Kâ€˜[01m[Ktraveler_[m[Kâ€™ was not declared in this scope; did you mean â€˜[01m[Ktraveler_msgs[m[Kâ€™?
[1.321s]    84 |         float axis0_pos = (-1.0f * [01;31m[Ktraveler_[m[K.traveler_control.Leg_lf.axis0.motor_control_position + M0_OFFSET + (M_PI / 2)) / (2 * M_PI);
[1.321s]       |                                    [01;31m[K^~~~~~~~~[m[K
[1.321s]       |                                    [32m[Ktraveler_msgs[m[K
[1.322s] [01m[K/home/qianlab/lassie-turtle/dependencies/traveler_controller/src/proxy/lowerproxy.cpp:84:101:[m[K [01;31m[Kerror: [m[Kâ€˜[01m[KM0_OFFSET[m[Kâ€™ was not declared in this scope; did you mean â€˜[01m[KMOD_OFFSET[m[Kâ€™?
[1.322s]    84 |         float axis0_pos = (-1.0f * traveler_.traveler_control.Leg_lf.axis0.motor_control_position + [01;31m[KM0_OFFSET[m[K + (M_PI / 2)) / (2 * M_PI);
[1.322s]       |                                                                                                     [01;31m[K^~~~~~~~~[m[K
[1.323s]       |                                                                                                     [32m[KMOD_OFFSET[m[K
[1.324s] [01m[K/home/qianlab/lassie-turtle/dependencies/traveler_controller/src/proxy/lowerproxy.cpp:85:106:[m[K [01;31m[Kerror: [m[Kâ€˜[01m[KM1_OFFSET[m[Kâ€™ was not declared in this scope; did you mean â€˜[01m[KMOD_OFFSET[m[Kâ€™?
[1.324s]    85 |         float axis1_pos = (traveler_.traveler_control.Leg_lf.axis1.motor_control_position - (M_PI / 2) + [01;31m[KM1_OFFSET[m[K) / (2 * M_PI);
[1.324s]       |                                                                                                          [01;31m[K^~~~~~~~~[m[K
[1.324s]       |                                                                                                          [32m[KMOD_OFFSET[m[K
[1.324s] [01m[K/home/qianlab/lassie-turtle/dependencies/traveler_controller/src/proxy/lowerproxy.cpp:76:45:[m[K [01;35m[Kwarning: [m[Kunused parameter â€˜[01m[Kturtle_[m[Kâ€™ [[01;35m[K-Wunused-parameter[m[K]
[1.325s]    76 | void lowerproxy::calculate_position([01;35m[Kturtle &turtle_[m[K )
[1.325s]       |                                     [01;35m[K~~~~~~~~^~~~~~~[m[K
[1.326s] [01m[K/home/qianlab/lassie-turtle/dependencies/traveler_controller/src/proxy/lowerproxy.cpp:[m[K In member function â€˜[01m[Kvoid turtle_namespace::control::lowerproxy::UpdateJoystickStatus(turtle&)[m[Kâ€™:
[1.326s] [01m[K/home/qianlab/lassie-turtle/dependencies/traveler_controller/src/proxy/lowerproxy.cpp:172:5:[m[K [01;31m[Kerror: [m[Kâ€˜[01m[Kturtle_temp_[m[Kâ€™ was not declared in this scope; did you mean â€˜[01m[Kturtle_inter_[m[Kâ€™?
[1.326s]   172 |     [01;31m[Kturtle_temp_[m[K = turtle_;
[1.326s]       |     [01;31m[K^~~~~~~~~~~~[m[K
[1.326s]       |     [32m[Kturtle_inter_[m[K
[1.326s] [01m[K/home/qianlab/lassie-turtle/dependencies/traveler_controller/src/proxy/lowerproxy.cpp:196:25:[m[K [01;31m[Kerror: [m[Kexpected â€˜[01m[K;[m[Kâ€™ before â€˜[01m[K}[m[Kâ€™ token
[1.327s]   196 |     terrain_estimation()
[1.327s]       |                         [01;31m[K^[m[K
[1.327s]       |                         [32m[K;[m[K
[1.327s] ......
[1.327s]   200 | [32m[K}[m[K
[1.327s]       | [32m[K~[m[K                        
[1.472s] make[2]: *** [CMakeFiles/turtle_high_controller.dir/build.make:104: CMakeFiles/turtle_high_controller.dir/src/controller/pid_speed_controller.cpp.o] Error 1
[1.472s] make[2]: *** Waiting for unfinished jobs....
[1.483s] In file included from [01m[K/home/qianlab/lassie-turtle/dependencies/traveler_controller/src/main.cpp:8[m[K:
[1.483s] [01m[K/home/qianlab/lassie-turtle/dependencies/traveler_controller/include/main.h:[m[K At global scope:
[1.483s] [01m[K/home/qianlab/lassie-turtle/dependencies/traveler_controller/include/main.h:43:14:[m[K [01;35m[Kwarning: [m[Kâ€˜[01m[Ktimer[m[Kâ€™ defined but not used [[01;35m[K-Wunused-variable[m[K]
[1.483s]    43 | static float [01;35m[Ktimer[m[K[10] = { 0 };
[1.483s]       |              [01;35m[K^~~~~[m[K
[1.483s] [01m[K/home/qianlab/lassie-turtle/dependencies/traveler_controller/include/main.h:41:12:[m[K [01;35m[Kwarning: [m[Kâ€˜[01m[Kinit_done[m[Kâ€™ defined but not used [[01;35m[K-Wunused-variable[m[K]
[1.483s]    41 | static int [01;35m[Kinit_done[m[K = 0;
[1.483s]       |            [01;35m[K^~~~~~~~~[m[K
[1.483s] [01m[K/home/qianlab/lassie-turtle/dependencies/traveler_controller/include/main.h:40:14:[m[K [01;35m[Kwarning: [m[Kâ€˜[01m[Kinit_cnt[m[Kâ€™ defined but not used [[01;35m[K-Wunused-variable[m[K]
[1.483s]    40 | static float [01;35m[Kinit_cnt[m[K = 0;
[1.483s]       |              [01;35m[K^~~~~~~~[m[K
[1.486s] In file included from [01m[K/home/qianlab/lassie-turtle/dependencies/traveler_controller/src/can_driver/can_driver.cpp:1[m[K:
[1.486s] [01m[K/home/qianlab/lassie-turtle/dependencies/traveler_controller/include/can_driver/can_driver.hpp:17:21:[m[K [01;31m[Kerror: [m[Kâ€˜[01m[KTraveler[m[Kâ€™ has not been declared
[1.487s]    17 |     void setControl([01;31m[KTraveler[m[K& traveler_leg_);
[1.487s]       |                     [01;31m[K^~~~~~~~[m[K
[1.487s] [01m[K/home/qianlab/lassie-turtle/dependencies/traveler_controller/include/can_driver/can_driver.hpp:18:27:[m[K [01;31m[Kerror: [m[Kâ€˜[01m[KTraveler[m[Kâ€™ has not been declared
[1.487s]    18 |     void get_motor_status([01;31m[KTraveler[m[K& traveler_leg_);
[1.487s]       |                           [01;31m[K^~~~~~~~[m[K
[1.494s] [01m[K/home/qianlab/lassie-turtle/dependencies/traveler_controller/src/can_driver/can_driver.cpp:[m[K In constructor â€˜[01m[Kcan_driver::can_driver()[m[Kâ€™:
[1.494s] [01m[K/home/qianlab/lassie-turtle/dependencies/traveler_controller/src/can_driver/can_driver.cpp:11:80:[m[K [01;31m[Kerror: [m[Kâ€˜[01m[KMG_GET_ENCODER_ESTIMATES[m[Kâ€™ is not a member of â€˜[01m[Kodrive_can::Msg[m[Kâ€™
[1.494s]    11 |                                socket_get_encoder_estimates_1(odrive_can::Msg::[01;31m[KMG_GET_ENCODER_ESTIMATES[m[K | odrive_can::AXIS::AXIS_0_ID,1, 0x7FF, 500),
[1.494s]       |                                                                                [01;31m[K^~~~~~~~~~~~~~~~~~~~~~~~[m[K
[1.496s] make[2]: *** [CMakeFiles/turtle_high_controller.dir/build.make:76: CMakeFiles/turtle_high_controller.dir/src/main.cpp.o] Error 1
[1.504s] [01m[K/home/qianlab/lassie-turtle/dependencies/traveler_controller/src/can_driver/can_driver.cpp:[m[K At global scope:
[1.504s] [01m[K/home/qianlab/lassie-turtle/dependencies/traveler_controller/src/can_driver/can_driver.cpp:92:6:[m[K [01;31m[Kerror: [m[Kno declaration matches â€˜[01m[Kvoid can_driver::get_motor_status(turtle&)[m[Kâ€™
[1.504s]    92 | void [01;31m[Kcan_driver[m[K::get_motor_status(turtle& turtle_){
[1.504s]       |      [01;31m[K^~~~~~~~~~[m[K
[1.504s] In file included from [01m[K/home/qianlab/lassie-turtle/dependencies/traveler_controller/src/can_driver/can_driver.cpp:1[m[K:
[1.504s] [01m[K/home/qianlab/lassie-turtle/dependencies/traveler_controller/include/can_driver/can_driver.hpp:18:10:[m[K [01;36m[Knote: [m[Kcandidate is: â€˜[01m[Kvoid can_driver::get_motor_status(int&)[m[Kâ€™
[1.504s]    18 |     void [01;36m[Kget_motor_status[m[K(Traveler& traveler_leg_);
[1.504s]       |          [01;36m[K^~~~~~~~~~~~~~~~[m[K
[1.504s] [01m[K/home/qianlab/lassie-turtle/dependencies/traveler_controller/include/can_driver/can_driver.hpp:12:7:[m[K [01;36m[Knote: [m[Kâ€˜[01m[Kclass can_driver[m[Kâ€™ defined here
[1.504s]    12 | class [01;36m[Kcan_driver[m[K : public rclcpp::Node
[1.504s]       |       [01;36m[K^~~~~~~~~~[m[K
[1.504s] [01m[K/home/qianlab/lassie-turtle/dependencies/traveler_controller/src/can_driver/can_driver.cpp:101:6:[m[K [01;31m[Kerror: [m[Kno declaration matches â€˜[01m[Kvoid can_driver::setControl(turtle&)[m[Kâ€™
[1.504s]   101 | void [01;31m[Kcan_driver[m[K::setControl(turtle& turtle_){
[1.505s]       |      [01;31m[K^~~~~~~~~~[m[K
[1.505s] In file included from [01m[K/home/qianlab/lassie-turtle/dependencies/traveler_controller/src/can_driver/can_driver.cpp:1[m[K:
[1.505s] [01m[K/home/qianlab/lassie-turtle/dependencies/traveler_controller/include/can_driver/can_driver.hpp:17:10:[m[K [01;36m[Knote: [m[Kcandidate is: â€˜[01m[Kvoid can_driver::setControl(int&)[m[Kâ€™
[1.505s]    17 |     void [01;36m[KsetControl[m[K(Traveler& traveler_leg_);
[1.505s]       |          [01;36m[K^~~~~~~~~~[m[K
[1.505s] [01m[K/home/qianlab/lassie-turtle/dependencies/traveler_controller/include/can_driver/can_driver.hpp:12:7:[m[K [01;36m[Knote: [m[Kâ€˜[01m[Kclass can_driver[m[Kâ€™ defined here
[1.505s]    12 | class [01;36m[Kcan_driver[m[K : public rclcpp::Node
[1.505s]       |       [01;36m[K^~~~~~~~~~[m[K
[1.906s] make[2]: *** [CMakeFiles/turtle_high_controller.dir/build.make:160: CMakeFiles/turtle_high_controller.dir/src/can_driver/can_driver.cpp.o] Error 1
[1.940s] make[2]: *** [CMakeFiles/turtle_high_controller.dir/build.make:132: CMakeFiles/turtle_high_controller.dir/src/proxy/lowerproxy.cpp.o] Error 1
[1.940s] make[1]: *** [CMakeFiles/Makefile2:139: CMakeFiles/turtle_high_controller.dir/all] Error 2
[1.940s] make: *** [Makefile:146: all] Error 2
[1.941s] Invoked command in '/home/qianlab/lassie-turtle/dependencies/build/turtle_high_controller' returned '2': AMENT_PREFIX_PATH=/home/qianlab/lassie-turtle/dependencies/install/traveler_msgs:${AMENT_PREFIX_PATH} CMAKE_PREFIX_PATH=/home/qianlab/lassie-turtle/dependencies/install/traveler_msgs:/opt/ros/traveler/traveler_msgs:/home/qianlab/traveler_workspace/install/traveler_high_controller:/home/qianlab/traveler_workspace/install/odrive_pro_srvs_msgs:/home/qianlab/lassie-spirit/lassie-spirit/dependencies/spirit_msgs/install/spirit_msgs:/opt/ros/foxy LD_LIBRARY_PATH=/home/qianlab/lassie-turtle/dependencies/install/traveler_msgs/lib:${LD_LIBRARY_PATH} PYTHONPATH=/home/qianlab/lassie-turtle/dependencies/install/traveler_msgs/lib/python3.8/site-packages:${PYTHONPATH} /usr/local/bin/cmake --build /home/qianlab/lassie-turtle/dependencies/build/turtle_high_controller -- -j12 -l12
