[0.011s] Invoking command in '/home/qianlab/lassie-turtle/dependencies/build/turtle_high_controller': AMENT_PREFIX_PATH=/home/qianlab/lassie-turtle/dependencies/install/traveler_msgs:${AMENT_PREFIX_PATH} CMAKE_PREFIX_PATH=/home/qianlab/lassie-turtle/dependencies/install/traveler_msgs:/opt/ros/traveler/traveler_msgs:/home/qianlab/traveler_workspace/install/traveler_high_controller:/home/qianlab/traveler_workspace/install/odrive_pro_srvs_msgs:/home/qianlab/lassie-spirit/lassie-spirit/dependencies/spirit_msgs/install/spirit_msgs:/opt/ros/foxy LD_LIBRARY_PATH=/home/qianlab/lassie-turtle/dependencies/install/traveler_msgs/lib:${LD_LIBRARY_PATH} PYTHONPATH=/home/qianlab/lassie-turtle/dependencies/install/traveler_msgs/lib/python3.8/site-packages:${PYTHONPATH} /usr/local/bin/cmake --build /home/qianlab/lassie-turtle/dependencies/build/turtle_high_controller -- -j12 -l12
[0.032s] [ 35%] Built target odrive_can_interface
[0.043s] [ 42%] [32mBuilding CXX object CMakeFiles/turtle_high_controller.dir/src/controller/pid_speed_controller.cpp.o[0m
[0.044s] [ 50%] [32mBuilding CXX object CMakeFiles/turtle_high_controller.dir/src/can_driver/can_driver.cpp.o[0m
[0.044s] [ 57%] [32mBuilding CXX object CMakeFiles/turtle_high_controller.dir/src/proxy/lowerproxy.cpp.o[0m
[0.951s] [01m[K/home/qianlab/lassie-turtle/dependencies/traveler_controller/src/can_driver/can_driver.cpp:[m[K In constructor â€˜[01m[Kcan_driver::can_driver()[m[Kâ€™:
[0.951s] [01m[K/home/qianlab/lassie-turtle/dependencies/traveler_controller/src/can_driver/can_driver.cpp:11:80:[m[K [01;31m[Kerror: [m[Kâ€˜[01m[KMG_GET_ENCODER_ESTIMATES[m[Kâ€™ is not a member of â€˜[01m[Kodrive_can::Msg[m[Kâ€™
[0.951s]    11 |                                socket_get_encoder_estimates_1(odrive_can::Msg::[01;31m[KMG_GET_ENCODER_ESTIMATES[m[K | odrive_can::AXIS::AXIS_0_ID,1, 0x7FF, 500),
[0.951s]       |                                                                                [01;31m[K^~~~~~~~~~~~~~~~~~~~~~~~[m[K
[1.008s] [01m[K/home/qianlab/lassie-turtle/dependencies/traveler_controller/src/proxy/lowerproxy.cpp:[m[K In member function â€˜[01m[Kvoid turtle_namespace::control::lowerproxy::calculate_position(turtle&)[m[Kâ€™:
[1.010s] [01m[K/home/qianlab/lassie-turtle/dependencies/traveler_controller/src/proxy/lowerproxy.cpp:84:36:[m[K [01;31m[Kerror: [m[Kâ€˜[01m[Ktraveler_[m[Kâ€™ was not declared in this scope; did you mean â€˜[01m[Ktraveler_msgs[m[Kâ€™?
[1.010s]    84 |         float axis0_pos = (-1.0f * [01;31m[Ktraveler_[m[K.traveler_control.Leg_lf.axis0.motor_control_position + M0_OFFSET + (M_PI / 2)) / (2 * M_PI);
[1.010s]       |                                    [01;31m[K^~~~~~~~~[m[K
[1.010s]       |                                    [32m[Ktraveler_msgs[m[K
[1.010s] [01m[K/home/qianlab/lassie-turtle/dependencies/traveler_controller/src/proxy/lowerproxy.cpp:84:101:[m[K [01;31m[Kerror: [m[Kâ€˜[01m[KM0_OFFSET[m[Kâ€™ was not declared in this scope; did you mean â€˜[01m[KMOD_OFFSET[m[Kâ€™?
[1.010s]    84 |         float axis0_pos = (-1.0f * traveler_.traveler_control.Leg_lf.axis0.motor_control_position + [01;31m[KM0_OFFSET[m[K + (M_PI / 2)) / (2 * M_PI);
[1.010s]       |                                                                                                     [01;31m[K^~~~~~~~~[m[K
[1.010s]       |                                                                                                     [32m[KMOD_OFFSET[m[K
[1.010s] [01m[K/home/qianlab/lassie-turtle/dependencies/traveler_controller/src/proxy/lowerproxy.cpp:85:106:[m[K [01;31m[Kerror: [m[Kâ€˜[01m[KM1_OFFSET[m[Kâ€™ was not declared in this scope; did you mean â€˜[01m[KMOD_OFFSET[m[Kâ€™?
[1.010s]    85 |         float axis1_pos = (traveler_.traveler_control.Leg_lf.axis1.motor_control_position - (M_PI / 2) + [01;31m[KM1_OFFSET[m[K) / (2 * M_PI);
[1.010s]       |                                                                                                          [01;31m[K^~~~~~~~~[m[K
[1.010s]       |                                                                                                          [32m[KMOD_OFFSET[m[K
[1.011s] [01m[K/home/qianlab/lassie-turtle/dependencies/traveler_controller/src/proxy/lowerproxy.cpp:76:45:[m[K [01;35m[Kwarning: [m[Kunused parameter â€˜[01m[Kturtle_[m[Kâ€™ [[01;35m[K-Wunused-parameter[m[K]
[1.011s]    76 | void lowerproxy::calculate_position([01;35m[Kturtle &turtle_[m[K )
[1.011s]       |                                     [01;35m[K~~~~~~~~^~~~~~~[m[K
[1.012s] [01m[K/home/qianlab/lassie-turtle/dependencies/traveler_controller/src/proxy/lowerproxy.cpp:[m[K In member function â€˜[01m[Kvoid turtle_namespace::control::lowerproxy::UpdateJoystickStatus(turtle&)[m[Kâ€™:
[1.012s] [01m[K/home/qianlab/lassie-turtle/dependencies/traveler_controller/src/proxy/lowerproxy.cpp:172:5:[m[K [01;31m[Kerror: [m[Kâ€˜[01m[Kturtle_temp_[m[Kâ€™ was not declared in this scope; did you mean â€˜[01m[Kturtle_inter_[m[Kâ€™?
[1.012s]   172 |     [01;31m[Kturtle_temp_[m[K = turtle_;
[1.012s]       |     [01;31m[K^~~~~~~~~~~~[m[K
[1.012s]       |     [32m[Kturtle_inter_[m[K
[1.012s] [01m[K/home/qianlab/lassie-turtle/dependencies/traveler_controller/src/proxy/lowerproxy.cpp:196:25:[m[K [01;31m[Kerror: [m[Kexpected â€˜[01m[K;[m[Kâ€™ before â€˜[01m[K}[m[Kâ€™ token
[1.012s]   196 |     terrain_estimation()
[1.013s]       |                         [01;31m[K^[m[K
[1.013s]       |                         [32m[K;[m[K
[1.013s] ......
[1.013s]   200 | [32m[K}[m[K
[1.013s]       | [32m[K~[m[K                        
[1.356s] make[2]: *** [CMakeFiles/turtle_high_controller.dir/build.make:160: CMakeFiles/turtle_high_controller.dir/src/can_driver/can_driver.cpp.o] Error 1
[1.356s] make[2]: *** Waiting for unfinished jobs....
[1.370s] [01m[K/home/qianlab/lassie-turtle/dependencies/traveler_controller/src/controller/pid_speed_controller.cpp:[m[K In member function â€˜[01m[Kvirtual void turtle_namespace::control::PID_speed_controller::ComputeControlCommand(turtle&)[m[Kâ€™:
[1.370s] [01m[K/home/qianlab/lassie-turtle/dependencies/traveler_controller/src/controller/pid_speed_controller.cpp:28:66:[m[K [01;35m[Kwarning: [m[Kunused parameter â€˜[01m[Kturtle_[m[Kâ€™ [[01;35m[K-Wunused-parameter[m[K]
[1.370s]    28 |         void PID_speed_controller::ComputeControlCommand([01;35m[Kturtle &turtle_[m[K)
[1.370s]       |                                                          [01;35m[K~~~~~~~~^~~~~~~[m[K
[1.641s] make[2]: *** [CMakeFiles/turtle_high_controller.dir/build.make:132: CMakeFiles/turtle_high_controller.dir/src/proxy/lowerproxy.cpp.o] Error 1
[1.825s] make[1]: *** [CMakeFiles/Makefile2:139: CMakeFiles/turtle_high_controller.dir/all] Error 2
[1.825s] make: *** [Makefile:146: all] Error 2
[1.827s] Invoked command in '/home/qianlab/lassie-turtle/dependencies/build/turtle_high_controller' returned '2': AMENT_PREFIX_PATH=/home/qianlab/lassie-turtle/dependencies/install/traveler_msgs:${AMENT_PREFIX_PATH} CMAKE_PREFIX_PATH=/home/qianlab/lassie-turtle/dependencies/install/traveler_msgs:/opt/ros/traveler/traveler_msgs:/home/qianlab/traveler_workspace/install/traveler_high_controller:/home/qianlab/traveler_workspace/install/odrive_pro_srvs_msgs:/home/qianlab/lassie-spirit/lassie-spirit/dependencies/spirit_msgs/install/spirit_msgs:/opt/ros/foxy LD_LIBRARY_PATH=/home/qianlab/lassie-turtle/dependencies/install/traveler_msgs/lib:${LD_LIBRARY_PATH} PYTHONPATH=/home/qianlab/lassie-turtle/dependencies/install/traveler_msgs/lib/python3.8/site-packages:${PYTHONPATH} /usr/local/bin/cmake --build /home/qianlab/lassie-turtle/dependencies/build/turtle_high_controller -- -j12 -l12
